# JRE version: OpenJDK Runtime Environment (8.0_392-b08) (build 1.8.0_392-b08)
# Java VM: OpenJDK 64-Bit Server VM (25.392-b08 mixed mode windows-amd64 compressed oops)
Heap:
 def new generation   total 28928K, used 14432K [0x00000000a2400000, 0x00000000a4360000, 0x00000000c1800000)
  eden space 25728K,  44% used [0x00000000a2400000, 0x00000000a2f2bab8, 0x00000000a3d20000)
  from space 3200K,  93% used [0x00000000a4040000, 0x00000000a432c6a0, 0x00000000a4360000)
  to   space 3200K,   0% used [0x00000000a3d20000, 0x00000000a3d20000, 0x00000000a4040000)
 tenured generation   total 64192K, used 17433K [0x00000000c1800000, 0x00000000c56b0000, 0x0000000100000000)
   the space 64192K,  27% used [0x00000000c1800000, 0x00000000c29066d0, 0x00000000c2906800, 0x00000000c56b0000)
 Metaspace       used 37083K, capacity 37398K, committed 37632K, reserved 1081344K
  class space    used 5257K, capacity 5334K, committed 5376K, reserved 1048576K
GC Heap History (10 events):
Event: 4.039 GC heap before
{Heap before GC invocations=9 (full 1):
 def new generation   total 28928K, used 27429K [0x00000000a2400000, 0x00000000a4360000, 0x00000000c1800000)
  eden space 25728K, 100% used [0x00000000a2400000, 0x00000000a3d20000, 0x00000000a3d20000)
  from space 3200K,  53% used [0x00000000a4040000, 0x00000000a41e94f0, 0x00000000a4360000)
  to   space 3200K,   0% used [0x00000000a3d20000, 0x00000000a3d20000, 0x00000000a4040000)
 tenured generation   total 64192K, used 10555K [0x00000000c1800000, 0x00000000c56b0000, 0x0000000100000000)
   the space 64192K,  16% used [0x00000000c1800000, 0x00000000c224ec48, 0x00000000c224ee00, 0x00000000c56b0000)
 Metaspace       used 29034K, capacity 29354K, committed 29568K, reserved 1075200K
  class space    used 4122K, capacity 4202K, committed 4224K, reserved 1048576K
Event: 4.041 GC heap after
Heap after GC invocations=10 (full 1):
 def new generation   total 28928K, used 1586K [0x00000000a2400000, 0x00000000a4360000, 0x00000000c1800000)
  eden space 25728K,   0% used [0x00000000a2400000, 0x00000000a2400000, 0x00000000a3d20000)
  from space 3200K,  49% used [0x00000000a3d20000, 0x00000000a3eaca88, 0x00000000a4040000)
  to   space 3200K,   0% used [0x00000000a4040000, 0x00000000a4040000, 0x00000000a4360000)
 tenured generation   total 64192K, used 10752K [0x00000000c1800000, 0x00000000c56b0000, 0x0000000100000000)
   the space 64192K,  16% used [0x00000000c1800000, 0x00000000c2280038, 0x00000000c2280200, 0x00000000c56b0000)
 Metaspace       used 29034K, capacity 29354K, committed 29568K, reserved 1075200K
  class space    used 4122K, capacity 4202K, committed 4224K, reserved 1048576K
}
Event: 4.200 GC heap before
{Heap before GC invocations=10 (full 1):
 def new generation   total 28928K, used 27314K [0x00000000a2400000, 0x00000000a4360000, 0x00000000c1800000)
  eden space 25728K, 100% used [0x00000000a2400000, 0x00000000a3d20000, 0x00000000a3d20000)
  from space 3200K,  49% used [0x00000000a3d20000, 0x00000000a3eaca88, 0x00000000a4040000)
  to   space 3200K,   0% used [0x00000000a4040000, 0x00000000a4040000, 0x00000000a4360000)
 tenured generation   total 64192K, used 10752K [0x00000000c1800000, 0x00000000c56b0000, 0x0000000100000000)
   the space 64192K,  16% used [0x00000000c1800000, 0x00000000c2280038, 0x00000000c2280200, 0x00000000c56b0000)
 Metaspace       used 30369K, capacity 30698K, committed 30848K, reserved 1075200K
  class space    used 4385K, capacity 4458K, committed 4480K, reserved 1048576K
Event: 4.202 GC heap after
Heap after GC invocations=11 (full 1):
 def new generation   total 28928K, used 1789K [0x00000000a2400000, 0x00000000a4360000, 0x00000000c1800000)
  eden space 25728K,   0% used [0x00000000a2400000, 0x00000000a2400000, 0x00000000a3d20000)
  from space 3200K,  55% used [0x00000000a4040000, 0x00000000a41ff478, 0x00000000a4360000)
  to   space 3200K,   0% used [0x00000000a3d20000, 0x00000000a3d20000, 0x00000000a4040000)
 tenured generation   total 64192K, used 10752K [0x00000000c1800000, 0x00000000c56b0000, 0x0000000100000000)
   the space 64192K,  16% used [0x00000000c1800000, 0x00000000c2280038, 0x00000000c2280200, 0x00000000c56b0000)
 Metaspace       used 30369K, capacity 30698K, committed 30848K, reserved 1075200K
  class space    used 4385K, capacity 4458K, committed 4480K, reserved 1048576K
}
Event: 4.712 GC heap before
{Heap before GC invocations=11 (full 1):
 def new generation   total 28928K, used 27517K [0x00000000a2400000, 0x00000000a4360000, 0x00000000c1800000)
  eden space 25728K, 100% used [0x00000000a2400000, 0x00000000a3d20000, 0x00000000a3d20000)
  from space 3200K,  55% used [0x00000000a4040000, 0x00000000a41ff478, 0x00000000a4360000)
  to   space 3200K,   0% used [0x00000000a3d20000, 0x00000000a3d20000, 0x00000000a4040000)
 tenured generation   total 64192K, used 10752K [0x00000000c1800000, 0x00000000c56b0000, 0x0000000100000000)
   the space 64192K,  16% used [0x00000000c1800000, 0x00000000c2280038, 0x00000000c2280200, 0x00000000c56b0000)
 Metaspace       used 32969K, capacity 33294K, committed 33664K, reserved 1077248K
  class space    used 4801K, capacity 4912K, committed 4992K, reserved 1048576K
Event: 4.719 GC heap after
Heap after GC invocations=12 (full 1):
 def new generation   total 28928K, used 3200K [0x00000000a2400000, 0x00000000a4360000, 0x00000000c1800000)
  eden space 25728K,   0% used [0x00000000a2400000, 0x00000000a2400000, 0x00000000a3d20000)
  from space 3200K, 100% used [0x00000000a3d20000, 0x00000000a4040000, 0x00000000a4040000)
  to   space 3200K,   0% used [0x00000000a4040000, 0x00000000a4040000, 0x00000000a4360000)
 tenured generation   total 64192K, used 12469K [0x00000000c1800000, 0x00000000c56b0000, 0x0000000100000000)
   the space 64192K,  19% used [0x00000000c1800000, 0x00000000c242d508, 0x00000000c242d600, 0x00000000c56b0000)
 Metaspace       used 32969K, capacity 33294K, committed 33664K, reserved 1077248K
  class space    used 4801K, capacity 4912K, committed 4992K, reserved 1048576K
}
Event: 5.414 GC heap before
{Heap before GC invocations=12 (full 1):
 def new generation   total 28928K, used 22305K [0x00000000a2400000, 0x00000000a4360000, 0x00000000c1800000)
  eden space 25728K,  74% used [0x00000000a2400000, 0x00000000a36a85b0, 0x00000000a3d20000)
  from space 3200K, 100% used [0x00000000a3d20000, 0x00000000a4040000, 0x00000000a4040000)
  to   space 3200K,   0% used [0x00000000a4040000, 0x00000000a4040000, 0x00000000a4360000)
 tenured generation   total 64192K, used 12469K [0x00000000c1800000, 0x00000000c56b0000, 0x0000000100000000)
   the space 64192K,  19% used [0x00000000c1800000, 0x00000000c242d508, 0x00000000c242d600, 0x00000000c56b0000)
 Metaspace       used 34850K, capacity 35192K, committed 35456K, reserved 1079296K
  class space    used 5033K, capacity 5137K, committed 5248K, reserved 1048576K
Event: 5.457 GC heap after
Heap after GC invocations=13 (full 2):
 def new generation   total 28928K, used 0K [0x00000000a2400000, 0x00000000a4360000, 0x00000000c1800000)
  eden space 25728K,   0% used [0x00000000a2400000, 0x00000000a2400000, 0x00000000a3d20000)
  from space 3200K,   0% used [0x00000000a3d20000, 0x00000000a3d20000, 0x00000000a4040000)
  to   space 3200K,   0% used [0x00000000a4040000, 0x00000000a4040000, 0x00000000a4360000)
 tenured generation   total 64192K, used 17433K [0x00000000c1800000, 0x00000000c56b0000, 0x0000000100000000)
   the space 64192K,  27% used [0x00000000c1800000, 0x00000000c29066d0, 0x00000000c2906800, 0x00000000c56b0000)
 Metaspace       used 34850K, capacity 35192K, committed 35456K, reserved 1079296K
  class space    used 5033K, capacity 5137K, committed 5248K, reserved 1048576K
}
Event: 5.848 GC heap before
{Heap before GC invocations=13 (full 2):
 def new generation   total 28928K, used 25728K [0x00000000a2400000, 0x00000000a4360000, 0x00000000c1800000)
  eden space 25728K, 100% used [0x00000000a2400000, 0x00000000a3d20000, 0x00000000a3d20000)
  from space 3200K,   0% used [0x00000000a3d20000, 0x00000000a3d20000, 0x00000000a4040000)
  to   space 3200K,   0% used [0x00000000a4040000, 0x00000000a4040000, 0x00000000a4360000)
 tenured generation   total 64192K, used 17433K [0x00000000c1800000, 0x00000000c56b0000, 0x0000000100000000)
   the space 64192K,  27% used [0x00000000c1800000, 0x00000000c29066d0, 0x00000000c2906800, 0x00000000c56b0000)
 Metaspace       used 36854K, capacity 37194K, committed 37632K, reserved 1081344K
  class space    used 5233K, capacity 5332K, committed 5376K, reserved 1048576K
Event: 5.853 GC heap after
Heap after GC invocations=14 (full 2):
 def new generation   total 28928K, used 2993K [0x00000000a2400000, 0x00000000a4360000, 0x00000000c1800000)
  eden space 25728K,   0% used [0x00000000a2400000, 0x00000000a2400000, 0x00000000a3d20000)
  from space 3200K,  93% used [0x00000000a4040000, 0x00000000a432c6a0, 0x00000000a4360000)
  to   space 3200K,   0% used [0x00000000a3d20000, 0x00000000a3d20000, 0x00000000a4040000)
 tenured generation   total 64192K, used 17433K [0x00000000c1800000, 0x00000000c56b0000, 0x0000000100000000)
   the space 64192K,  27% used [0x00000000c1800000, 0x00000000c29066d0, 0x00000000c2906800, 0x00000000c56b0000)
 Metaspace       used 36854K, capacity 37194K, committed 37632K, reserved 1081344K
  class space    used 5233K, capacity 5332K, committed 5376K, reserved 1048576K
}

