# JRE version: OpenJDK Runtime Environment (8.0_392-b08) (build 1.8.0_392-b08)
# Java VM: OpenJDK 64-Bit Server VM (25.392-b08 mixed mode windows-amd64 compressed oops)
Heap:
 def new generation   total 28928K, used 3845K [0x00000000a2400000, 0x00000000a4360000, 0x00000000c1800000)
  eden space 25728K,  14% used [0x00000000a2400000, 0x00000000a27c1680, 0x00000000a3d20000)
  from space 3200K,   0% used [0x00000000a3d20000, 0x00000000a3d20000, 0x00000000a4040000)
  to   space 3200K,   0% used [0x00000000a4040000, 0x00000000a4040000, 0x00000000a4360000)
 tenured generation   total 64192K, used 18615K [0x00000000c1800000, 0x00000000c56b0000, 0x0000000100000000)
   the space 64192K,  29% used [0x00000000c1800000, 0x00000000c2a2dfa0, 0x00000000c2a2e000, 0x00000000c56b0000)
 Metaspace       used 20805K, capacity 21214K, committed 21296K, reserved 1069056K
  class space    used 2242K, capacity 2337K, committed 2352K, reserved 1048576K
GC Heap History (10 events):
Event: 14.635 GC heap before
{Heap before GC invocations=31 (full 0):
 def new generation   total 28864K, used 26393K [0x00000000a2400000, 0x00000000a4350000, 0x00000000c1800000)
  eden space 25664K, 100% used [0x00000000a2400000, 0x00000000a3d10000, 0x00000000a3d10000)
  from space 3200K,  22% used [0x00000000a4030000, 0x00000000a40e6768, 0x00000000a4350000)
  to   space 3200K,   0% used [0x00000000a3d10000, 0x00000000a3d10000, 0x00000000a4030000)
 tenured generation   total 64192K, used 17301K [0x00000000c1800000, 0x00000000c56b0000, 0x0000000100000000)
   the space 64192K,  26% used [0x00000000c1800000, 0x00000000c28e54a0, 0x00000000c28e5600, 0x00000000c56b0000)
 Metaspace       used 19248K, capacity 19658K, committed 19968K, reserved 1067008K
  class space    used 2083K, capacity 2179K, committed 2304K, reserved 1048576K
Event: 14.640 GC heap after
Heap after GC invocations=32 (full 0):
 def new generation   total 28864K, used 1482K [0x00000000a2400000, 0x00000000a4350000, 0x00000000c1800000)
  eden space 25664K,   0% used [0x00000000a2400000, 0x00000000a2400000, 0x00000000a3d10000)
  from space 3200K,  46% used [0x00000000a3d10000, 0x00000000a3e829e0, 0x00000000a4030000)
  to   space 3200K,   0% used [0x00000000a4030000, 0x00000000a4030000, 0x00000000a4350000)
 tenured generation   total 64192K, used 17301K [0x00000000c1800000, 0x00000000c56b0000, 0x0000000100000000)
   the space 64192K,  26% used [0x00000000c1800000, 0x00000000c28e54a0, 0x00000000c28e5600, 0x00000000c56b0000)
 Metaspace       used 19248K, capacity 19658K, committed 19968K, reserved 1067008K
  class space    used 2083K, capacity 2179K, committed 2304K, reserved 1048576K
}
Event: 15.065 GC heap before
{Heap before GC invocations=32 (full 0):
 def new generation   total 28864K, used 27146K [0x00000000a2400000, 0x00000000a4350000, 0x00000000c1800000)
  eden space 25664K, 100% used [0x00000000a2400000, 0x00000000a3d10000, 0x00000000a3d10000)
  from space 3200K,  46% used [0x00000000a3d10000, 0x00000000a3e829e0, 0x00000000a4030000)
  to   space 3200K,   0% used [0x00000000a4030000, 0x00000000a4030000, 0x00000000a4350000)
 tenured generation   total 64192K, used 17301K [0x00000000c1800000, 0x00000000c56b0000, 0x0000000100000000)
   the space 64192K,  26% used [0x00000000c1800000, 0x00000000c28e54a0, 0x00000000c28e5600, 0x00000000c56b0000)
 Metaspace       used 19884K, capacity 20364K, committed 20480K, reserved 1067008K
  class space    used 2140K, capacity 2238K, committed 2304K, reserved 1048576K
Event: 15.080 GC heap after
Heap after GC invocations=33 (full 0):
 def new generation   total 28864K, used 3200K [0x00000000a2400000, 0x00000000a4350000, 0x00000000c1800000)
  eden space 25664K,   0% used [0x00000000a2400000, 0x00000000a2400000, 0x00000000a3d10000)
  from space 3200K, 100% used [0x00000000a4030000, 0x00000000a4350000, 0x00000000a4350000)
  to   space 3200K,   0% used [0x00000000a3d10000, 0x00000000a3d10000, 0x00000000a4030000)
 tenured generation   total 64192K, used 17320K [0x00000000c1800000, 0x00000000c56b0000, 0x0000000100000000)
   the space 64192K,  26% used [0x00000000c1800000, 0x00000000c28ea228, 0x00000000c28ea400, 0x00000000c56b0000)
 Metaspace       used 19884K, capacity 20364K, committed 20480K, reserved 1067008K
  class space    used 2140K, capacity 2238K, committed 2304K, reserved 1048576K
}
Event: 15.146 GC heap before
{Heap before GC invocations=33 (full 0):
 def new generation   total 28864K, used 28864K [0x00000000a2400000, 0x00000000a4350000, 0x00000000c1800000)
  eden space 25664K, 100% used [0x00000000a2400000, 0x00000000a3d10000, 0x00000000a3d10000)
  from space 3200K, 100% used [0x00000000a4030000, 0x00000000a4350000, 0x00000000a4350000)
  to   space 3200K,   0% used [0x00000000a3d10000, 0x00000000a3d10000, 0x00000000a4030000)
 tenured generation   total 64192K, used 17320K [0x00000000c1800000, 0x00000000c56b0000, 0x0000000100000000)
   the space 64192K,  26% used [0x00000000c1800000, 0x00000000c28ea228, 0x00000000c28ea400, 0x00000000c56b0000)
 Metaspace       used 20001K, capacity 20524K, committed 20736K, reserved 1067008K
  class space    used 2157K, capacity 2270K, committed 2304K, reserved 1048576K
Event: 15.156 GC heap after
Heap after GC invocations=34 (full 0):
 def new generation   total 28864K, used 214K [0x00000000a2400000, 0x00000000a4350000, 0x00000000c1800000)
  eden space 25664K,   0% used [0x00000000a2400000, 0x00000000a2400000, 0x00000000a3d10000)
  from space 3200K,   6% used [0x00000000a3d10000, 0x00000000a3d45ad8, 0x00000000a4030000)
  to   space 3200K,   0% used [0x00000000a4030000, 0x00000000a4030000, 0x00000000a4350000)
 tenured generation   total 64192K, used 18888K [0x00000000c1800000, 0x00000000c56b0000, 0x0000000100000000)
   the space 64192K,  29% used [0x00000000c1800000, 0x00000000c2a722f8, 0x00000000c2a72400, 0x00000000c56b0000)
 Metaspace       used 20001K, capacity 20524K, committed 20736K, reserved 1067008K
  class space    used 2157K, capacity 2270K, committed 2304K, reserved 1048576K
}
Event: 17.698 GC heap before
{Heap before GC invocations=34 (full 0):
 def new generation   total 28864K, used 25878K [0x00000000a2400000, 0x00000000a4350000, 0x00000000c1800000)
  eden space 25664K, 100% used [0x00000000a2400000, 0x00000000a3d10000, 0x00000000a3d10000)
  from space 3200K,   6% used [0x00000000a3d10000, 0x00000000a3d45ad8, 0x00000000a4030000)
  to   space 3200K,   0% used [0x00000000a4030000, 0x00000000a4030000, 0x00000000a4350000)
 tenured generation   total 64192K, used 18888K [0x00000000c1800000, 0x00000000c56b0000, 0x0000000100000000)
   the space 64192K,  29% used [0x00000000c1800000, 0x00000000c2a722f8, 0x00000000c2a72400, 0x00000000c56b0000)
 Metaspace       used 20501K, capacity 20958K, committed 21296K, reserved 1069056K
  class space    used 2212K, capacity 2305K, committed 2352K, reserved 1048576K
Event: 17.702 GC heap after
Heap after GC invocations=35 (full 0):
 def new generation   total 28864K, used 967K [0x00000000a2400000, 0x00000000a4350000, 0x00000000c1800000)
  eden space 25664K,   0% used [0x00000000a2400000, 0x00000000a2400000, 0x00000000a3d10000)
  from space 3200K,  30% used [0x00000000a4030000, 0x00000000a4121e60, 0x00000000a4350000)
  to   space 3200K,   0% used [0x00000000a3d10000, 0x00000000a3d10000, 0x00000000a4030000)
 tenured generation   total 64192K, used 18888K [0x00000000c1800000, 0x00000000c56b0000, 0x0000000100000000)
   the space 64192K,  29% used [0x00000000c1800000, 0x00000000c2a722f8, 0x00000000c2a72400, 0x00000000c56b0000)
 Metaspace       used 20501K, capacity 20958K, committed 21296K, reserved 1069056K
  class space    used 2212K, capacity 2305K, committed 2352K, reserved 1048576K
}
Event: 19.803 GC heap before
{Heap before GC invocations=35 (full 0):
 def new generation   total 28864K, used 16937K [0x00000000a2400000, 0x00000000a4350000, 0x00000000c1800000)
  eden space 25664K,  62% used [0x00000000a2400000, 0x00000000a3398760, 0x00000000a3d10000)
  from space 3200K,  30% used [0x00000000a4030000, 0x00000000a4121e60, 0x00000000a4350000)
  to   space 3200K,   0% used [0x00000000a3d10000, 0x00000000a3d10000, 0x00000000a4030000)
 tenured generation   total 64192K, used 18888K [0x00000000c1800000, 0x00000000c56b0000, 0x0000000100000000)
   the space 64192K,  29% used [0x00000000c1800000, 0x00000000c2a722f8, 0x00000000c2a72400, 0x00000000c56b0000)
 Metaspace       used 20756K, capacity 21230K, committed 21296K, reserved 1069056K
  class space    used 2233K, capacity 2345K, committed 2352K, reserved 1048576K
Event: 19.893 GC heap after
Heap after GC invocations=36 (full 1):
 def new generation   total 28928K, used 0K [0x00000000a2400000, 0x00000000a4360000, 0x00000000c1800000)
  eden space 25728K,   0% used [0x00000000a2400000, 0x00000000a2400000, 0x00000000a3d20000)
  from space 3200K,   0% used [0x00000000a3d20000, 0x00000000a3d20000, 0x00000000a4040000)
  to   space 3200K,   0% used [0x00000000a4040000, 0x00000000a4040000, 0x00000000a4360000)
 tenured generation   total 64192K, used 18615K [0x00000000c1800000, 0x00000000c56b0000, 0x0000000100000000)
   the space 64192K,  29% used [0x00000000c1800000, 0x00000000c2a2dfa0, 0x00000000c2a2e000, 0x00000000c56b0000)
 Metaspace       used 20587K, capacity 20990K, committed 21296K, reserved 1069056K
  class space    used 2215K, capacity 2305K, committed 2352K, reserved 1048576K
}

