# JRE version: OpenJDK Runtime Environment (8.0_392-b08) (build 1.8.0_392-b08)
# Java VM: OpenJDK 64-Bit Server VM (25.392-b08 mixed mode windows-amd64 compressed oops)
Heap:
 def new generation   total 28864K, used 22910K [0x00000000a2400000, 0x00000000a4350000, 0x00000000c1800000)
  eden space 25664K,  88% used [0x00000000a2400000, 0x00000000a3a12628, 0x00000000a3d10000)
  from space 3200K,   9% used [0x00000000a3d10000, 0x00000000a3d5d4e0, 0x00000000a4030000)
  to   space 3200K,   0% used [0x00000000a4030000, 0x00000000a4030000, 0x00000000a4350000)
 tenured generation   total 64192K, used 17282K [0x00000000c1800000, 0x00000000c56b0000, 0x0000000100000000)
   the space 64192K,  26% used [0x00000000c1800000, 0x00000000c28e0a48, 0x00000000c28e0c00, 0x00000000c56b0000)
 Metaspace       used 18975K, capacity 19254K, committed 19584K, reserved 1067008K
  class space    used 2051K, capacity 2101K, committed 2176K, reserved 1048576K
GC Heap History (10 events):
Event: 6.286 GC heap before
{Heap before GC invocations=25 (full 0):
 def new generation   total 28864K, used 26105K [0x00000000a2400000, 0x00000000a4350000, 0x00000000c1800000)
  eden space 25664K, 100% used [0x00000000a2400000, 0x00000000a3d10000, 0x00000000a3d10000)
  from space 3200K,  13% used [0x00000000a4030000, 0x00000000a409e660, 0x00000000a4350000)
  to   space 3200K,   0% used [0x00000000a3d10000, 0x00000000a3d10000, 0x00000000a4030000)
 tenured generation   total 64192K, used 17282K [0x00000000c1800000, 0x00000000c56b0000, 0x0000000100000000)
   the space 64192K,  26% used [0x00000000c1800000, 0x00000000c28e0a48, 0x00000000c28e0c00, 0x00000000c56b0000)
 Metaspace       used 18845K, capacity 19190K, committed 19328K, reserved 1067008K
  class space    used 2028K, capacity 2101K, committed 2176K, reserved 1048576K
Event: 6.288 GC heap after
Heap after GC invocations=26 (full 0):
 def new generation   total 28864K, used 208K [0x00000000a2400000, 0x00000000a4350000, 0x00000000c1800000)
  eden space 25664K,   0% used [0x00000000a2400000, 0x00000000a2400000, 0x00000000a3d10000)
  from space 3200K,   6% used [0x00000000a3d10000, 0x00000000a3d443d8, 0x00000000a4030000)
  to   space 3200K,   0% used [0x00000000a4030000, 0x00000000a4030000, 0x00000000a4350000)
 tenured generation   total 64192K, used 17282K [0x00000000c1800000, 0x00000000c56b0000, 0x0000000100000000)
   the space 64192K,  26% used [0x00000000c1800000, 0x00000000c28e0a48, 0x00000000c28e0c00, 0x00000000c56b0000)
 Metaspace       used 18845K, capacity 19190K, committed 19328K, reserved 1067008K
  class space    used 2028K, capacity 2101K, committed 2176K, reserved 1048576K
}
Event: 6.342 GC heap before
{Heap before GC invocations=26 (full 0):
 def new generation   total 28864K, used 25872K [0x00000000a2400000, 0x00000000a4350000, 0x00000000c1800000)
  eden space 25664K, 100% used [0x00000000a2400000, 0x00000000a3d10000, 0x00000000a3d10000)
  from space 3200K,   6% used [0x00000000a3d10000, 0x00000000a3d443d8, 0x00000000a4030000)
  to   space 3200K,   0% used [0x00000000a4030000, 0x00000000a4030000, 0x00000000a4350000)
 tenured generation   total 64192K, used 17282K [0x00000000c1800000, 0x00000000c56b0000, 0x0000000100000000)
   the space 64192K,  26% used [0x00000000c1800000, 0x00000000c28e0a48, 0x00000000c28e0c00, 0x00000000c56b0000)
 Metaspace       used 18846K, capacity 19190K, committed 19328K, reserved 1067008K
  class space    used 2028K, capacity 2101K, committed 2176K, reserved 1048576K
Event: 6.343 GC heap after
Heap after GC invocations=27 (full 0):
 def new generation   total 28864K, used 284K [0x00000000a2400000, 0x00000000a4350000, 0x00000000c1800000)
  eden space 25664K,   0% used [0x00000000a2400000, 0x00000000a2400000, 0x00000000a3d10000)
  from space 3200K,   8% used [0x00000000a4030000, 0x00000000a40773b8, 0x00000000a4350000)
  to   space 3200K,   0% used [0x00000000a3d10000, 0x00000000a3d10000, 0x00000000a4030000)
 tenured generation   total 64192K, used 17282K [0x00000000c1800000, 0x00000000c56b0000, 0x0000000100000000)
   the space 64192K,  26% used [0x00000000c1800000, 0x00000000c28e0a48, 0x00000000c28e0c00, 0x00000000c56b0000)
 Metaspace       used 18846K, capacity 19190K, committed 19328K, reserved 1067008K
  class space    used 2028K, capacity 2101K, committed 2176K, reserved 1048576K
}
Event: 6.442 GC heap before
{Heap before GC invocations=27 (full 0):
 def new generation   total 28864K, used 25948K [0x00000000a2400000, 0x00000000a4350000, 0x00000000c1800000)
  eden space 25664K, 100% used [0x00000000a2400000, 0x00000000a3d10000, 0x00000000a3d10000)
  from space 3200K,   8% used [0x00000000a4030000, 0x00000000a40773b8, 0x00000000a4350000)
  to   space 3200K,   0% used [0x00000000a3d10000, 0x00000000a3d10000, 0x00000000a4030000)
 tenured generation   total 64192K, used 17282K [0x00000000c1800000, 0x00000000c56b0000, 0x0000000100000000)
   the space 64192K,  26% used [0x00000000c1800000, 0x00000000c28e0a48, 0x00000000c28e0c00, 0x00000000c56b0000)
 Metaspace       used 18879K, capacity 19190K, committed 19328K, reserved 1067008K
  class space    used 2033K, capacity 2101K, committed 2176K, reserved 1048576K
Event: 6.444 GC heap after
Heap after GC invocations=28 (full 0):
 def new generation   total 28864K, used 335K [0x00000000a2400000, 0x00000000a4350000, 0x00000000c1800000)
  eden space 25664K,   0% used [0x00000000a2400000, 0x00000000a2400000, 0x00000000a3d10000)
  from space 3200K,  10% used [0x00000000a3d10000, 0x00000000a3d63df8, 0x00000000a4030000)
  to   space 3200K,   0% used [0x00000000a4030000, 0x00000000a4030000, 0x00000000a4350000)
 tenured generation   total 64192K, used 17282K [0x00000000c1800000, 0x00000000c56b0000, 0x0000000100000000)
   the space 64192K,  26% used [0x00000000c1800000, 0x00000000c28e0a48, 0x00000000c28e0c00, 0x00000000c56b0000)
 Metaspace       used 18879K, capacity 19190K, committed 19328K, reserved 1067008K
  class space    used 2033K, capacity 2101K, committed 2176K, reserved 1048576K
}
Event: 6.570 GC heap before
{Heap before GC invocations=28 (full 0):
 def new generation   total 28864K, used 25999K [0x00000000a2400000, 0x00000000a4350000, 0x00000000c1800000)
  eden space 25664K, 100% used [0x00000000a2400000, 0x00000000a3d10000, 0x00000000a3d10000)
  from space 3200K,  10% used [0x00000000a3d10000, 0x00000000a3d63df8, 0x00000000a4030000)
  to   space 3200K,   0% used [0x00000000a4030000, 0x00000000a4030000, 0x00000000a4350000)
 tenured generation   total 64192K, used 17282K [0x00000000c1800000, 0x00000000c56b0000, 0x0000000100000000)
   the space 64192K,  26% used [0x00000000c1800000, 0x00000000c28e0a48, 0x00000000c28e0c00, 0x00000000c56b0000)
 Metaspace       used 18894K, capacity 19254K, committed 19584K, reserved 1067008K
  class space    used 2035K, capacity 2101K, committed 2176K, reserved 1048576K
Event: 6.572 GC heap after
Heap after GC invocations=29 (full 0):
 def new generation   total 28864K, used 266K [0x00000000a2400000, 0x00000000a4350000, 0x00000000c1800000)
  eden space 25664K,   0% used [0x00000000a2400000, 0x00000000a2400000, 0x00000000a3d10000)
  from space 3200K,   8% used [0x00000000a4030000, 0x00000000a4072880, 0x00000000a4350000)
  to   space 3200K,   0% used [0x00000000a3d10000, 0x00000000a3d10000, 0x00000000a4030000)
 tenured generation   total 64192K, used 17282K [0x00000000c1800000, 0x00000000c56b0000, 0x0000000100000000)
   the space 64192K,  26% used [0x00000000c1800000, 0x00000000c28e0a48, 0x00000000c28e0c00, 0x00000000c56b0000)
 Metaspace       used 18894K, capacity 19254K, committed 19584K, reserved 1067008K
  class space    used 2035K, capacity 2101K, committed 2176K, reserved 1048576K
}
Event: 6.675 GC heap before
{Heap before GC invocations=29 (full 0):
 def new generation   total 28864K, used 25930K [0x00000000a2400000, 0x00000000a4350000, 0x00000000c1800000)
  eden space 25664K, 100% used [0x00000000a2400000, 0x00000000a3d10000, 0x00000000a3d10000)
  from space 3200K,   8% used [0x00000000a4030000, 0x00000000a4072880, 0x00000000a4350000)
  to   space 3200K,   0% used [0x00000000a3d10000, 0x00000000a3d10000, 0x00000000a4030000)
 tenured generation   total 64192K, used 17282K [0x00000000c1800000, 0x00000000c56b0000, 0x0000000100000000)
   the space 64192K,  26% used [0x00000000c1800000, 0x00000000c28e0a48, 0x00000000c28e0c00, 0x00000000c56b0000)
 Metaspace       used 18907K, capacity 19254K, committed 19584K, reserved 1067008K
  class space    used 2038K, capacity 2101K, committed 2176K, reserved 1048576K
Event: 6.677 GC heap after
Heap after GC invocations=30 (full 0):
 def new generation   total 28864K, used 309K [0x00000000a2400000, 0x00000000a4350000, 0x00000000c1800000)
  eden space 25664K,   0% used [0x00000000a2400000, 0x00000000a2400000, 0x00000000a3d10000)
  from space 3200K,   9% used [0x00000000a3d10000, 0x00000000a3d5d4e0, 0x00000000a4030000)
  to   space 3200K,   0% used [0x00000000a4030000, 0x00000000a4030000, 0x00000000a4350000)
 tenured generation   total 64192K, used 17282K [0x00000000c1800000, 0x00000000c56b0000, 0x0000000100000000)
   the space 64192K,  26% used [0x00000000c1800000, 0x00000000c28e0a48, 0x00000000c28e0c00, 0x00000000c56b0000)
 Metaspace       used 18907K, capacity 19254K, committed 19584K, reserved 1067008K
  class space    used 2038K, capacity 2101K, committed 2176K, reserved 1048576K
}

