# JRE version: OpenJDK Runtime Environment (8.0_392-b08) (build 1.8.0_392-b08)
# Java VM: OpenJDK 64-Bit Server VM (25.392-b08 mixed mode windows-amd64 compressed oops)
Heap:
 def new generation   total 28864K, used 8965K [0x00000000a2400000, 0x00000000a4350000, 0x00000000c1800000)
  eden space 25664K,  27% used [0x00000000a2400000, 0x00000000a2ad8de0, 0x00000000a3d10000)
  from space 3200K,  61% used [0x00000000a3d10000, 0x00000000a3ef8a18, 0x00000000a4030000)
  to   space 3200K,   0% used [0x00000000a4030000, 0x00000000a4030000, 0x00000000a4350000)
 tenured generation   total 64192K, used 4382K [0x00000000c1800000, 0x00000000c56b0000, 0x0000000100000000)
   the space 64192K,   6% used [0x00000000c1800000, 0x00000000c1c47820, 0x00000000c1c47a00, 0x00000000c56b0000)
 Metaspace       used 13890K, capacity 14168K, committed 14464K, reserved 1062912K
  class space    used 1496K, capacity 1542K, committed 1664K, reserved 1048576K
GC Heap History (8 events):
Event: 0.415 GC heap before
{Heap before GC invocations=0 (full 0):
 def new generation   total 28864K, used 25664K [0x00000000a2400000, 0x00000000a4350000, 0x00000000c1800000)
  eden space 25664K, 100% used [0x00000000a2400000, 0x00000000a3d10000, 0x00000000a3d10000)
  from space 3200K,   0% used [0x00000000a3d10000, 0x00000000a3d10000, 0x00000000a4030000)
  to   space 3200K,   0% used [0x00000000a4030000, 0x00000000a4030000, 0x00000000a4350000)
 tenured generation   total 64192K, used 0K [0x00000000c1800000, 0x00000000c56b0000, 0x0000000100000000)
   the space 64192K,   0% used [0x00000000c1800000, 0x00000000c1800000, 0x00000000c1800200, 0x00000000c56b0000)
 Metaspace       used 6570K, capacity 6668K, committed 6912K, reserved 1056768K
  class space    used 671K, capacity 692K, committed 768K, reserved 1048576K
Event: 0.421 GC heap after
Heap after GC invocations=1 (full 0):
 def new generation   total 28864K, used 3199K [0x00000000a2400000, 0x00000000a4350000, 0x00000000c1800000)
  eden space 25664K,   0% used [0x00000000a2400000, 0x00000000a2400000, 0x00000000a3d10000)
  from space 3200K,  99% used [0x00000000a4030000, 0x00000000a434fff8, 0x00000000a4350000)
  to   space 3200K,   0% used [0x00000000a3d10000, 0x00000000a3d10000, 0x00000000a4030000)
 tenured generation   total 64192K, used 350K [0x00000000c1800000, 0x00000000c56b0000, 0x0000000100000000)
   the space 64192K,   0% used [0x00000000c1800000, 0x00000000c1857b40, 0x00000000c1857c00, 0x00000000c56b0000)
 Metaspace       used 6570K, capacity 6668K, committed 6912K, reserved 1056768K
  class space    used 671K, capacity 692K, committed 768K, reserved 1048576K
}
Event: 0.914 GC heap before
{Heap before GC invocations=1 (full 0):
 def new generation   total 28864K, used 28863K [0x00000000a2400000, 0x00000000a4350000, 0x00000000c1800000)
  eden space 25664K, 100% used [0x00000000a2400000, 0x00000000a3d10000, 0x00000000a3d10000)
  from space 3200K,  99% used [0x00000000a4030000, 0x00000000a434fff8, 0x00000000a4350000)
  to   space 3200K,   0% used [0x00000000a3d10000, 0x00000000a3d10000, 0x00000000a4030000)
 tenured generation   total 64192K, used 350K [0x00000000c1800000, 0x00000000c56b0000, 0x0000000100000000)
   the space 64192K,   0% used [0x00000000c1800000, 0x00000000c1857b40, 0x00000000c1857c00, 0x00000000c56b0000)
 Metaspace       used 11752K, capacity 11894K, committed 12032K, reserved 1060864K
  class space    used 1242K, capacity 1275K, committed 1280K, reserved 1048576K
Event: 0.922 GC heap after
Heap after GC invocations=2 (full 0):
 def new generation   total 28864K, used 3200K [0x00000000a2400000, 0x00000000a4350000, 0x00000000c1800000)
  eden space 25664K,   0% used [0x00000000a2400000, 0x00000000a2400000, 0x00000000a3d10000)
  from space 3200K, 100% used [0x00000000a3d10000, 0x00000000a4030000, 0x00000000a4030000)
  to   space 3200K,   0% used [0x00000000a4030000, 0x00000000a4030000, 0x00000000a4350000)
 tenured generation   total 64192K, used 2377K [0x00000000c1800000, 0x00000000c56b0000, 0x0000000100000000)
   the space 64192K,   3% used [0x00000000c1800000, 0x00000000c1a525f0, 0x00000000c1a52600, 0x00000000c56b0000)
 Metaspace       used 11752K, capacity 11894K, committed 12032K, reserved 1060864K
  class space    used 1242K, capacity 1275K, committed 1280K, reserved 1048576K
}
Event: 1.320 GC heap before
{Heap before GC invocations=2 (full 0):
 def new generation   total 28864K, used 28864K [0x00000000a2400000, 0x00000000a4350000, 0x00000000c1800000)
  eden space 25664K, 100% used [0x00000000a2400000, 0x00000000a3d10000, 0x00000000a3d10000)
  from space 3200K, 100% used [0x00000000a3d10000, 0x00000000a4030000, 0x00000000a4030000)
  to   space 3200K,   0% used [0x00000000a4030000, 0x00000000a4030000, 0x00000000a4350000)
 tenured generation   total 64192K, used 2377K [0x00000000c1800000, 0x00000000c56b0000, 0x0000000100000000)
   the space 64192K,   3% used [0x00000000c1800000, 0x00000000c1a525f0, 0x00000000c1a52600, 0x00000000c56b0000)
 Metaspace       used 13694K, capacity 13970K, committed 14208K, reserved 1062912K
  class space    used 1496K, capacity 1541K, committed 1664K, reserved 1048576K
Event: 1.329 GC heap after
Heap after GC invocations=3 (full 0):
 def new generation   total 28864K, used 3199K [0x00000000a2400000, 0x00000000a4350000, 0x00000000c1800000)
  eden space 25664K,   0% used [0x00000000a2400000, 0x00000000a2400000, 0x00000000a3d10000)
  from space 3200K,  99% used [0x00000000a4030000, 0x00000000a434fff8, 0x00000000a4350000)
  to   space 3200K,   0% used [0x00000000a3d10000, 0x00000000a3d10000, 0x00000000a4030000)
 tenured generation   total 64192K, used 3960K [0x00000000c1800000, 0x00000000c56b0000, 0x0000000100000000)
   the space 64192K,   6% used [0x00000000c1800000, 0x00000000c1bde0d8, 0x00000000c1bde200, 0x00000000c56b0000)
 Metaspace       used 13694K, capacity 13970K, committed 14208K, reserved 1062912K
  class space    used 1496K, capacity 1541K, committed 1664K, reserved 1048576K
}
Event: 1.518 GC heap before
{Heap before GC invocations=3 (full 0):
 def new generation   total 28864K, used 28863K [0x00000000a2400000, 0x00000000a4350000, 0x00000000c1800000)
  eden space 25664K, 100% used [0x00000000a2400000, 0x00000000a3d10000, 0x00000000a3d10000)
  from space 3200K,  99% used [0x00000000a4030000, 0x00000000a434fff8, 0x00000000a4350000)
  to   space 3200K,   0% used [0x00000000a3d10000, 0x00000000a3d10000, 0x00000000a4030000)
 tenured generation   total 64192K, used 3960K [0x00000000c1800000, 0x00000000c56b0000, 0x0000000100000000)
   the space 64192K,   6% used [0x00000000c1800000, 0x00000000c1bde0d8, 0x00000000c1bde200, 0x00000000c56b0000)
 Metaspace       used 13839K, capacity 14098K, committed 14464K, reserved 1062912K
  class space    used 1496K, capacity 1541K, committed 1664K, reserved 1048576K
Event: 1.523 GC heap after
Heap after GC invocations=4 (full 0):
 def new generation   total 28864K, used 1954K [0x00000000a2400000, 0x00000000a4350000, 0x00000000c1800000)
  eden space 25664K,   0% used [0x00000000a2400000, 0x00000000a2400000, 0x00000000a3d10000)
  from space 3200K,  61% used [0x00000000a3d10000, 0x00000000a3ef8a18, 0x00000000a4030000)
  to   space 3200K,   0% used [0x00000000a4030000, 0x00000000a4030000, 0x00000000a4350000)
 tenured generation   total 64192K, used 4382K [0x00000000c1800000, 0x00000000c56b0000, 0x0000000100000000)
   the space 64192K,   6% used [0x00000000c1800000, 0x00000000c1c47820, 0x00000000c1c47a00, 0x00000000c56b0000)
 Metaspace       used 13839K, capacity 14098K, committed 14464K, reserved 1062912K
  class space    used 1496K, capacity 1541K, committed 1664K, reserved 1048576K
}

