# JRE version: OpenJDK Runtime Environment (8.0_392-b08) (build 1.8.0_392-b08)
# Java VM: OpenJDK 64-Bit Server VM (25.392-b08 mixed mode windows-amd64 compressed oops)
Heap:
 def new generation   total 28864K, used 28593K [0x00000000a2400000, 0x00000000a4350000, 0x00000000c1800000)
  eden space 25664K,  98% used [0x00000000a2400000, 0x00000000a3ccc538, 0x00000000a3d10000)
  from space 3200K,  99% used [0x00000000a3d10000, 0x00000000a402fff8, 0x00000000a4030000)
  to   space 3200K,   0% used [0x00000000a4030000, 0x00000000a4030000, 0x00000000a4350000)
 tenured generation   total 64192K, used 8284K [0x00000000c1800000, 0x00000000c56b0000, 0x0000000100000000)
   the space 64192K,  12% used [0x00000000c1800000, 0x00000000c2017348, 0x00000000c2017400, 0x00000000c56b0000)
 Metaspace       used 9492K, capacity 9644K, committed 9728K, reserved 1058816K
  class space    used 944K, capacity 980K, committed 1024K, reserved 1048576K
GC Heap History (4 events):
Event: 0.821 GC heap before
{Heap before GC invocations=0 (full 0):
 def new generation   total 28864K, used 25664K [0x00000000a2400000, 0x00000000a4350000, 0x00000000c1800000)
  eden space 25664K, 100% used [0x00000000a2400000, 0x00000000a3d10000, 0x00000000a3d10000)
  from space 3200K,   0% used [0x00000000a3d10000, 0x00000000a3d10000, 0x00000000a4030000)
  to   space 3200K,   0% used [0x00000000a4030000, 0x00000000a4030000, 0x00000000a4350000)
 tenured generation   total 64192K, used 0K [0x00000000c1800000, 0x00000000c56b0000, 0x0000000100000000)
   the space 64192K,   0% used [0x00000000c1800000, 0x00000000c1800000, 0x00000000c1800200, 0x00000000c56b0000)
 Metaspace       used 6606K, capacity 6764K, committed 6912K, reserved 1056768K
  class space    used 676K, capacity 724K, committed 768K, reserved 1048576K
Event: 0.826 GC heap after
Heap after GC invocations=1 (full 0):
 def new generation   total 28864K, used 3199K [0x00000000a2400000, 0x00000000a4350000, 0x00000000c1800000)
  eden space 25664K,   0% used [0x00000000a2400000, 0x00000000a2400000, 0x00000000a3d10000)
  from space 3200K,  99% used [0x00000000a4030000, 0x00000000a434fff8, 0x00000000a4350000)
  to   space 3200K,   0% used [0x00000000a3d10000, 0x00000000a3d10000, 0x00000000a4030000)
 tenured generation   total 64192K, used 393K [0x00000000c1800000, 0x00000000c56b0000, 0x0000000100000000)
   the space 64192K,   0% used [0x00000000c1800000, 0x00000000c1862710, 0x00000000c1862800, 0x00000000c56b0000)
 Metaspace       used 6606K, capacity 6764K, committed 6912K, reserved 1056768K
  class space    used 676K, capacity 724K, committed 768K, reserved 1048576K
}
Event: 1.200 GC heap before
{Heap before GC invocations=1 (full 0):
 def new generation   total 28864K, used 28863K [0x00000000a2400000, 0x00000000a4350000, 0x00000000c1800000)
  eden space 25664K, 100% used [0x00000000a2400000, 0x00000000a3d10000, 0x00000000a3d10000)
  from space 3200K,  99% used [0x00000000a4030000, 0x00000000a434fff8, 0x00000000a4350000)
  to   space 3200K,   0% used [0x00000000a3d10000, 0x00000000a3d10000, 0x00000000a4030000)
 tenured generation   total 64192K, used 393K [0x00000000c1800000, 0x00000000c56b0000, 0x0000000100000000)
   the space 64192K,   0% used [0x00000000c1800000, 0x00000000c1862710, 0x00000000c1862800, 0x00000000c56b0000)
 Metaspace       used 8823K, capacity 9004K, committed 9216K, reserved 1056768K
  class space    used 888K, capacity 916K, committed 1024K, reserved 1048576K
Event: 1.225 GC heap after
Heap after GC invocations=2 (full 0):
 def new generation   total 28864K, used 3199K [0x00000000a2400000, 0x00000000a4350000, 0x00000000c1800000)
  eden space 25664K,   0% used [0x00000000a2400000, 0x00000000a2400000, 0x00000000a3d10000)
  from space 3200K,  99% used [0x00000000a3d10000, 0x00000000a402fff8, 0x00000000a4030000)
  to   space 3200K,   0% used [0x00000000a4030000, 0x00000000a4030000, 0x00000000a4350000)
 tenured generation   total 64192K, used 8284K [0x00000000c1800000, 0x00000000c56b0000, 0x0000000100000000)
   the space 64192K,  12% used [0x00000000c1800000, 0x00000000c2017348, 0x00000000c2017400, 0x00000000c56b0000)
 Metaspace       used 8823K, capacity 9004K, committed 9216K, reserved 1056768K
  class space    used 888K, capacity 916K, committed 1024K, reserved 1048576K
}

