# JRE version: OpenJDK Runtime Environment (8.0_392-b08) (build 1.8.0_392-b08)
# Java VM: OpenJDK 64-Bit Server VM (25.392-b08 mixed mode windows-amd64 compressed oops)
Heap:
 def new generation   total 28864K, used 10483K [0x00000000a2400000, 0x00000000a4350000, 0x00000000c1800000)
  eden space 25664K,  29% used [0x00000000a2400000, 0x00000000a2b849e0, 0x00000000a3d10000)
  from space 3200K,  87% used [0x00000000a4030000, 0x00000000a42e83c0, 0x00000000a4350000)
  to   space 3200K,   0% used [0x00000000a3d10000, 0x00000000a3d10000, 0x00000000a4030000)
 tenured generation   total 64192K, used 23553K [0x00000000c1800000, 0x00000000c56b0000, 0x0000000100000000)
   the space 64192K,  36% used [0x00000000c1800000, 0x00000000c2f00620, 0x00000000c2f00800, 0x00000000c56b0000)
 Metaspace       used 15760K, capacity 15968K, committed 16128K, reserved 1062912K
  class space    used 1633K, capacity 1672K, committed 1792K, reserved 1048576K
GC Heap History (10 events):
Event: 6.316 GC heap before
{Heap before GC invocations=20 (full 0):
 def new generation   total 28864K, used 27768K [0x00000000a2400000, 0x00000000a4350000, 0x00000000c1800000)
  eden space 25664K, 100% used [0x00000000a2400000, 0x00000000a3d10000, 0x00000000a3d10000)
  from space 3200K,  65% used [0x00000000a3d10000, 0x00000000a3f1e240, 0x00000000a4030000)
  to   space 3200K,   0% used [0x00000000a4030000, 0x00000000a4030000, 0x00000000a4350000)
 tenured generation   total 64192K, used 15120K [0x00000000c1800000, 0x00000000c56b0000, 0x0000000100000000)
   the space 64192K,  23% used [0x00000000c1800000, 0x00000000c26c43c8, 0x00000000c26c4400, 0x00000000c56b0000)
 Metaspace       used 15734K, capacity 15968K, committed 16128K, reserved 1062912K
  class space    used 1631K, capacity 1672K, committed 1792K, reserved 1048576K
Event: 6.325 GC heap after
Heap after GC invocations=21 (full 0):
 def new generation   total 28864K, used 2383K [0x00000000a2400000, 0x00000000a4350000, 0x00000000c1800000)
  eden space 25664K,   0% used [0x00000000a2400000, 0x00000000a2400000, 0x00000000a3d10000)
  from space 3200K,  74% used [0x00000000a4030000, 0x00000000a4283e68, 0x00000000a4350000)
  to   space 3200K,   0% used [0x00000000a3d10000, 0x00000000a3d10000, 0x00000000a4030000)
 tenured generation   total 64192K, used 15427K [0x00000000c1800000, 0x00000000c56b0000, 0x0000000100000000)
   the space 64192K,  24% used [0x00000000c1800000, 0x00000000c2710cb8, 0x00000000c2710e00, 0x00000000c56b0000)
 Metaspace       used 15734K, capacity 15968K, committed 16128K, reserved 1062912K
  class space    used 1631K, capacity 1672K, committed 1792K, reserved 1048576K
}
Event: 6.370 GC heap before
{Heap before GC invocations=21 (full 0):
 def new generation   total 28864K, used 28047K [0x00000000a2400000, 0x00000000a4350000, 0x00000000c1800000)
  eden space 25664K, 100% used [0x00000000a2400000, 0x00000000a3d10000, 0x00000000a3d10000)
  from space 3200K,  74% used [0x00000000a4030000, 0x00000000a4283e68, 0x00000000a4350000)
  to   space 3200K,   0% used [0x00000000a3d10000, 0x00000000a3d10000, 0x00000000a4030000)
 tenured generation   total 64192K, used 15427K [0x00000000c1800000, 0x00000000c56b0000, 0x0000000100000000)
   the space 64192K,  24% used [0x00000000c1800000, 0x00000000c2710cb8, 0x00000000c2710e00, 0x00000000c56b0000)
 Metaspace       used 15760K, capacity 15968K, committed 16128K, reserved 1062912K
  class space    used 1633K, capacity 1672K, committed 1792K, reserved 1048576K
Event: 6.381 GC heap after
Heap after GC invocations=22 (full 0):
 def new generation   total 28864K, used 3200K [0x00000000a2400000, 0x00000000a4350000, 0x00000000c1800000)
  eden space 25664K,   0% used [0x00000000a2400000, 0x00000000a2400000, 0x00000000a3d10000)
  from space 3200K, 100% used [0x00000000a3d10000, 0x00000000a4030000, 0x00000000a4030000)
  to   space 3200K,   0% used [0x00000000a4030000, 0x00000000a4030000, 0x00000000a4350000)
 tenured generation   total 64192K, used 18996K [0x00000000c1800000, 0x00000000c56b0000, 0x0000000100000000)
   the space 64192K,  29% used [0x00000000c1800000, 0x00000000c2a8d2a8, 0x00000000c2a8d400, 0x00000000c56b0000)
 Metaspace       used 15760K, capacity 15968K, committed 16128K, reserved 1062912K
  class space    used 1633K, capacity 1672K, committed 1792K, reserved 1048576K
}
Event: 6.410 GC heap before
{Heap before GC invocations=22 (full 0):
 def new generation   total 28864K, used 28864K [0x00000000a2400000, 0x00000000a4350000, 0x00000000c1800000)
  eden space 25664K, 100% used [0x00000000a2400000, 0x00000000a3d10000, 0x00000000a3d10000)
  from space 3200K, 100% used [0x00000000a3d10000, 0x00000000a4030000, 0x00000000a4030000)
  to   space 3200K,   0% used [0x00000000a4030000, 0x00000000a4030000, 0x00000000a4350000)
 tenured generation   total 64192K, used 18996K [0x00000000c1800000, 0x00000000c56b0000, 0x0000000100000000)
   the space 64192K,  29% used [0x00000000c1800000, 0x00000000c2a8d2a8, 0x00000000c2a8d400, 0x00000000c56b0000)
 Metaspace       used 15760K, capacity 15968K, committed 16128K, reserved 1062912K
  class space    used 1633K, capacity 1672K, committed 1792K, reserved 1048576K
Event: 6.417 GC heap after
Heap after GC invocations=23 (full 0):
 def new generation   total 28864K, used 1360K [0x00000000a2400000, 0x00000000a4350000, 0x00000000c1800000)
  eden space 25664K,   0% used [0x00000000a2400000, 0x00000000a2400000, 0x00000000a3d10000)
  from space 3200K,  42% used [0x00000000a4030000, 0x00000000a41841c0, 0x00000000a4350000)
  to   space 3200K,   0% used [0x00000000a3d10000, 0x00000000a3d10000, 0x00000000a4030000)
 tenured generation   total 64192K, used 22195K [0x00000000c1800000, 0x00000000c56b0000, 0x0000000100000000)
   the space 64192K,  34% used [0x00000000c1800000, 0x00000000c2dace68, 0x00000000c2dad000, 0x00000000c56b0000)
 Metaspace       used 15760K, capacity 15968K, committed 16128K, reserved 1062912K
  class space    used 1633K, capacity 1672K, committed 1792K, reserved 1048576K
}
Event: 6.439 GC heap before
{Heap before GC invocations=23 (full 0):
 def new generation   total 28864K, used 27024K [0x00000000a2400000, 0x00000000a4350000, 0x00000000c1800000)
  eden space 25664K, 100% used [0x00000000a2400000, 0x00000000a3d10000, 0x00000000a3d10000)
  from space 3200K,  42% used [0x00000000a4030000, 0x00000000a41841c0, 0x00000000a4350000)
  to   space 3200K,   0% used [0x00000000a3d10000, 0x00000000a3d10000, 0x00000000a4030000)
 tenured generation   total 64192K, used 22195K [0x00000000c1800000, 0x00000000c56b0000, 0x0000000100000000)
   the space 64192K,  34% used [0x00000000c1800000, 0x00000000c2dace68, 0x00000000c2dad000, 0x00000000c56b0000)
 Metaspace       used 15760K, capacity 15968K, committed 16128K, reserved 1062912K
  class space    used 1633K, capacity 1672K, committed 1792K, reserved 1048576K
Event: 6.446 GC heap after
Heap after GC invocations=24 (full 0):
 def new generation   total 28864K, used 2753K [0x00000000a2400000, 0x00000000a4350000, 0x00000000c1800000)
  eden space 25664K,   0% used [0x00000000a2400000, 0x00000000a2400000, 0x00000000a3d10000)
  from space 3200K,  86% used [0x00000000a3d10000, 0x00000000a3fc0670, 0x00000000a4030000)
  to   space 3200K,   0% used [0x00000000a4030000, 0x00000000a4030000, 0x00000000a4350000)
 tenured generation   total 64192K, used 22195K [0x00000000c1800000, 0x00000000c56b0000, 0x0000000100000000)
   the space 64192K,  34% used [0x00000000c1800000, 0x00000000c2dace68, 0x00000000c2dad000, 0x00000000c56b0000)
 Metaspace       used 15760K, capacity 15968K, committed 16128K, reserved 1062912K
  class space    used 1633K, capacity 1672K, committed 1792K, reserved 1048576K
}
Event: 6.466 GC heap before
{Heap before GC invocations=24 (full 0):
 def new generation   total 28864K, used 28417K [0x00000000a2400000, 0x00000000a4350000, 0x00000000c1800000)
  eden space 25664K, 100% used [0x00000000a2400000, 0x00000000a3d10000, 0x00000000a3d10000)
  from space 3200K,  86% used [0x00000000a3d10000, 0x00000000a3fc0670, 0x00000000a4030000)
  to   space 3200K,   0% used [0x00000000a4030000, 0x00000000a4030000, 0x00000000a4350000)
 tenured generation   total 64192K, used 22195K [0x00000000c1800000, 0x00000000c56b0000, 0x0000000100000000)
   the space 64192K,  34% used [0x00000000c1800000, 0x00000000c2dace68, 0x00000000c2dad000, 0x00000000c56b0000)
 Metaspace       used 15760K, capacity 15968K, committed 16128K, reserved 1062912K
  class space    used 1633K, capacity 1672K, committed 1792K, reserved 1048576K
Event: 6.473 GC heap after
Heap after GC invocations=25 (full 0):
 def new generation   total 28864K, used 2784K [0x00000000a2400000, 0x00000000a4350000, 0x00000000c1800000)
  eden space 25664K,   0% used [0x00000000a2400000, 0x00000000a2400000, 0x00000000a3d10000)
  from space 3200K,  87% used [0x00000000a4030000, 0x00000000a42e83c0, 0x00000000a4350000)
  to   space 3200K,   0% used [0x00000000a3d10000, 0x00000000a3d10000, 0x00000000a4030000)
 tenured generation   total 64192K, used 23553K [0x00000000c1800000, 0x00000000c56b0000, 0x0000000100000000)
   the space 64192K,  36% used [0x00000000c1800000, 0x00000000c2f00620, 0x00000000c2f00800, 0x00000000c56b0000)
 Metaspace       used 15760K, capacity 15968K, committed 16128K, reserved 1062912K
  class space    used 1633K, capacity 1672K, committed 1792K, reserved 1048576K
}

