# JRE version: OpenJDK Runtime Environment (8.0_392-b08) (build 1.8.0_392-b08)
# Java VM: OpenJDK 64-Bit Server VM (25.392-b08 mixed mode windows-amd64 compressed oops)
Heap:
 def new generation   total 28864K, used 18557K [0x00000000a2400000, 0x00000000a4350000, 0x00000000c1800000)
  eden space 25664K,  63% used [0x00000000a2400000, 0x00000000a340a330, 0x00000000a3d10000)
  from space 3200K,  66% used [0x00000000a3d10000, 0x00000000a3f252c8, 0x00000000a4030000)
  to   space 3200K,   0% used [0x00000000a4030000, 0x00000000a4030000, 0x00000000a4350000)
 tenured generation   total 64192K, used 5780K [0x00000000c1800000, 0x00000000c56b0000, 0x0000000100000000)
   the space 64192K,   9% used [0x00000000c1800000, 0x00000000c1da5288, 0x00000000c1da5400, 0x00000000c56b0000)
 Metaspace       used 15370K, capacity 15646K, committed 15872K, reserved 1062912K
  class space    used 1620K, capacity 1671K, committed 1792K, reserved 1048576K
GC Heap History (10 events):
Event: 2.872 GC heap before
{Heap before GC invocations=9 (full 0):
 def new generation   total 28864K, used 27744K [0x00000000a2400000, 0x00000000a4350000, 0x00000000c1800000)
  eden space 25664K, 100% used [0x00000000a2400000, 0x00000000a3d10000, 0x00000000a3d10000)
  from space 3200K,  65% used [0x00000000a4030000, 0x00000000a4238270, 0x00000000a4350000)
  to   space 3200K,   0% used [0x00000000a3d10000, 0x00000000a3d10000, 0x00000000a4030000)
 tenured generation   total 64192K, used 5282K [0x00000000c1800000, 0x00000000c56b0000, 0x0000000100000000)
   the space 64192K,   8% used [0x00000000c1800000, 0x00000000c1d28b98, 0x00000000c1d28c00, 0x00000000c56b0000)
 Metaspace       used 15320K, capacity 15576K, committed 15872K, reserved 1062912K
  class space    used 1619K, capacity 1670K, committed 1792K, reserved 1048576K
Event: 2.876 GC heap after
Heap after GC invocations=10 (full 0):
 def new generation   total 28864K, used 2090K [0x00000000a2400000, 0x00000000a4350000, 0x00000000c1800000)
  eden space 25664K,   0% used [0x00000000a2400000, 0x00000000a2400000, 0x00000000a3d10000)
  from space 3200K,  65% used [0x00000000a3d10000, 0x00000000a3f1a880, 0x00000000a4030000)
  to   space 3200K,   0% used [0x00000000a4030000, 0x00000000a4030000, 0x00000000a4350000)
 tenured generation   total 64192K, used 5383K [0x00000000c1800000, 0x00000000c56b0000, 0x0000000100000000)
   the space 64192K,   8% used [0x00000000c1800000, 0x00000000c1d41cd0, 0x00000000c1d41e00, 0x00000000c56b0000)
 Metaspace       used 15320K, capacity 15576K, committed 15872K, reserved 1062912K
  class space    used 1619K, capacity 1670K, committed 1792K, reserved 1048576K
}
Event: 3.000 GC heap before
{Heap before GC invocations=10 (full 0):
 def new generation   total 28864K, used 27754K [0x00000000a2400000, 0x00000000a4350000, 0x00000000c1800000)
  eden space 25664K, 100% used [0x00000000a2400000, 0x00000000a3d10000, 0x00000000a3d10000)
  from space 3200K,  65% used [0x00000000a3d10000, 0x00000000a3f1a880, 0x00000000a4030000)
  to   space 3200K,   0% used [0x00000000a4030000, 0x00000000a4030000, 0x00000000a4350000)
 tenured generation   total 64192K, used 5383K [0x00000000c1800000, 0x00000000c56b0000, 0x0000000100000000)
   the space 64192K,   8% used [0x00000000c1800000, 0x00000000c1d41cd0, 0x00000000c1d41e00, 0x00000000c56b0000)
 Metaspace       used 15321K, capacity 15576K, committed 15872K, reserved 1062912K
  class space    used 1619K, capacity 1670K, committed 1792K, reserved 1048576K
Event: 3.003 GC heap after
Heap after GC invocations=11 (full 0):
 def new generation   total 28864K, used 2099K [0x00000000a2400000, 0x00000000a4350000, 0x00000000c1800000)
  eden space 25664K,   0% used [0x00000000a2400000, 0x00000000a2400000, 0x00000000a3d10000)
  from space 3200K,  65% used [0x00000000a4030000, 0x00000000a423cd38, 0x00000000a4350000)
  to   space 3200K,   0% used [0x00000000a3d10000, 0x00000000a3d10000, 0x00000000a4030000)
 tenured generation   total 64192K, used 5499K [0x00000000c1800000, 0x00000000c56b0000, 0x0000000100000000)
   the space 64192K,   8% used [0x00000000c1800000, 0x00000000c1d5eeb8, 0x00000000c1d5f000, 0x00000000c56b0000)
 Metaspace       used 15321K, capacity 15576K, committed 15872K, reserved 1062912K
  class space    used 1619K, capacity 1670K, committed 1792K, reserved 1048576K
}
Event: 3.117 GC heap before
{Heap before GC invocations=11 (full 0):
 def new generation   total 28864K, used 27763K [0x00000000a2400000, 0x00000000a4350000, 0x00000000c1800000)
  eden space 25664K, 100% used [0x00000000a2400000, 0x00000000a3d10000, 0x00000000a3d10000)
  from space 3200K,  65% used [0x00000000a4030000, 0x00000000a423cd38, 0x00000000a4350000)
  to   space 3200K,   0% used [0x00000000a3d10000, 0x00000000a3d10000, 0x00000000a4030000)
 tenured generation   total 64192K, used 5499K [0x00000000c1800000, 0x00000000c56b0000, 0x0000000100000000)
   the space 64192K,   8% used [0x00000000c1800000, 0x00000000c1d5eeb8, 0x00000000c1d5f000, 0x00000000c56b0000)
 Metaspace       used 15334K, capacity 15576K, committed 15872K, reserved 1062912K
  class space    used 1619K, capacity 1670K, committed 1792K, reserved 1048576K
Event: 3.120 GC heap after
Heap after GC invocations=12 (full 0):
 def new generation   total 28864K, used 2073K [0x00000000a2400000, 0x00000000a4350000, 0x00000000c1800000)
  eden space 25664K,   0% used [0x00000000a2400000, 0x00000000a2400000, 0x00000000a3d10000)
  from space 3200K,  64% used [0x00000000a3d10000, 0x00000000a3f16770, 0x00000000a4030000)
  to   space 3200K,   0% used [0x00000000a4030000, 0x00000000a4030000, 0x00000000a4350000)
 tenured generation   total 64192K, used 5573K [0x00000000c1800000, 0x00000000c56b0000, 0x0000000100000000)
   the space 64192K,   8% used [0x00000000c1800000, 0x00000000c1d71470, 0x00000000c1d71600, 0x00000000c56b0000)
 Metaspace       used 15334K, capacity 15576K, committed 15872K, reserved 1062912K
  class space    used 1619K, capacity 1670K, committed 1792K, reserved 1048576K
}
Event: 3.236 GC heap before
{Heap before GC invocations=12 (full 0):
 def new generation   total 28864K, used 27737K [0x00000000a2400000, 0x00000000a4350000, 0x00000000c1800000)
  eden space 25664K, 100% used [0x00000000a2400000, 0x00000000a3d10000, 0x00000000a3d10000)
  from space 3200K,  64% used [0x00000000a3d10000, 0x00000000a3f16770, 0x00000000a4030000)
  to   space 3200K,   0% used [0x00000000a4030000, 0x00000000a4030000, 0x00000000a4350000)
 tenured generation   total 64192K, used 5573K [0x00000000c1800000, 0x00000000c56b0000, 0x0000000100000000)
   the space 64192K,   8% used [0x00000000c1800000, 0x00000000c1d71470, 0x00000000c1d71600, 0x00000000c56b0000)
 Metaspace       used 15346K, capacity 15582K, committed 15872K, reserved 1062912K
  class space    used 1620K, capacity 1671K, committed 1792K, reserved 1048576K
Event: 3.241 GC heap after
Heap after GC invocations=13 (full 0):
 def new generation   total 28864K, used 2071K [0x00000000a2400000, 0x00000000a4350000, 0x00000000c1800000)
  eden space 25664K,   0% used [0x00000000a2400000, 0x00000000a2400000, 0x00000000a3d10000)
  from space 3200K,  64% used [0x00000000a4030000, 0x00000000a4235fc0, 0x00000000a4350000)
  to   space 3200K,   0% used [0x00000000a3d10000, 0x00000000a3d10000, 0x00000000a4030000)
 tenured generation   total 64192K, used 5661K [0x00000000c1800000, 0x00000000c56b0000, 0x0000000100000000)
   the space 64192K,   8% used [0x00000000c1800000, 0x00000000c1d87570, 0x00000000c1d87600, 0x00000000c56b0000)
 Metaspace       used 15346K, capacity 15582K, committed 15872K, reserved 1062912K
  class space    used 1620K, capacity 1671K, committed 1792K, reserved 1048576K
}
Event: 3.387 GC heap before
{Heap before GC invocations=13 (full 0):
 def new generation   total 28864K, used 27735K [0x00000000a2400000, 0x00000000a4350000, 0x00000000c1800000)
  eden space 25664K, 100% used [0x00000000a2400000, 0x00000000a3d10000, 0x00000000a3d10000)
  from space 3200K,  64% used [0x00000000a4030000, 0x00000000a4235fc0, 0x00000000a4350000)
  to   space 3200K,   0% used [0x00000000a3d10000, 0x00000000a3d10000, 0x00000000a4030000)
 tenured generation   total 64192K, used 5661K [0x00000000c1800000, 0x00000000c56b0000, 0x0000000100000000)
   the space 64192K,   8% used [0x00000000c1800000, 0x00000000c1d87570, 0x00000000c1d87600, 0x00000000c56b0000)
 Metaspace       used 15366K, capacity 15646K, committed 15872K, reserved 1062912K
  class space    used 1620K, capacity 1671K, committed 1792K, reserved 1048576K
Event: 3.391 GC heap after
Heap after GC invocations=14 (full 0):
 def new generation   total 28864K, used 2132K [0x00000000a2400000, 0x00000000a4350000, 0x00000000c1800000)
  eden space 25664K,   0% used [0x00000000a2400000, 0x00000000a2400000, 0x00000000a3d10000)
  from space 3200K,  66% used [0x00000000a3d10000, 0x00000000a3f252c8, 0x00000000a4030000)
  to   space 3200K,   0% used [0x00000000a4030000, 0x00000000a4030000, 0x00000000a4350000)
 tenured generation   total 64192K, used 5780K [0x00000000c1800000, 0x00000000c56b0000, 0x0000000100000000)
   the space 64192K,   9% used [0x00000000c1800000, 0x00000000c1da5288, 0x00000000c1da5400, 0x00000000c56b0000)
 Metaspace       used 15366K, capacity 15646K, committed 15872K, reserved 1062912K
  class space    used 1620K, capacity 1671K, committed 1792K, reserved 1048576K
}

